  3.c
C:\Program Files (x86)\Microsoft Visual Studio\2019\Enterprise\VC\Tools\MSVC\14.26.28801\include\cstdlib(23,62): error C2061: 语法错误: 标识符“noexcept”
C:\Program Files (x86)\Microsoft Visual Studio\2019\Enterprise\VC\Tools\MSVC\14.26.28801\include\cstdlib(23,62): error C2059: 语法错误:“;”
C:\Program Files (x86)\Microsoft Visual Studio\2019\Enterprise\VC\Tools\MSVC\14.26.28801\include\cstdlib(23,90): error C2449: 在文件范围内找到“{”(是否缺少函数头?)
C:\Program Files (x86)\Microsoft Visual Studio\2019\Enterprise\VC\Tools\MSVC\14.26.28801\include\cstdlib(25,1): error C2059: 语法错误:“}”
C:\Program Files (x86)\Microsoft Visual Studio\2019\Enterprise\VC\Tools\MSVC\14.26.28801\include\cstdlib(31,72): error C2061: 语法错误: 标识符“noexcept”
C:\Program Files (x86)\Microsoft Visual Studio\2019\Enterprise\VC\Tools\MSVC\14.26.28801\include\cstdlib(31,72): error C2059: 语法错误:“;”
C:\Program Files (x86)\Microsoft Visual Studio\2019\Enterprise\VC\Tools\MSVC\14.26.28801\include\cstdlib(31,100): error C2449: 在文件范围内找到“{”(是否缺少函数头?)
C:\Program Files (x86)\Microsoft Visual Studio\2019\Enterprise\VC\Tools\MSVC\14.26.28801\include\cstdlib(33,1): error C2059: 语法错误:“}”
C:\Program Files (x86)\Microsoft Visual Studio\2019\Enterprise\VC\Tools\MSVC\14.26.28801\include\xtr1common(19,1): error C2061: 语法错误: 标识符“std”
C:\Program Files (x86)\Microsoft Visual Studio\2019\Enterprise\VC\Tools\MSVC\14.26.28801\include\xtr1common(19,1): error C2059: 语法错误:“;”
C:\Program Files (x86)\Microsoft Visual Studio\2019\Enterprise\VC\Tools\MSVC\14.26.28801\include\xtr1common(19,1): error C2449: 在文件范围内找到“{”(是否缺少函数头?)
C:\Program Files (x86)\Microsoft Visual Studio\2019\Enterprise\VC\Tools\MSVC\14.26.28801\include\xtr1common(244,1): error C2059: 语法错误:“}”
C:\Program Files (x86)\Microsoft Visual Studio\2019\Enterprise\VC\Tools\MSVC\14.26.28801\include\iosfwd(178,54): warning C4157: C 编译器忽略了 pragma
C:\Program Files (x86)\Microsoft Visual Studio\2019\Enterprise\VC\Tools\MSVC\14.26.28801\include\iosfwd(183,50): warning C4157: C 编译器忽略了 pragma
C:\Program Files (x86)\Microsoft Visual Studio\2019\Enterprise\VC\Tools\MSVC\14.26.28801\include\type_traits(440,33): error C4233: 使用了非标准扩展: 仅在 C++ 中支持“__is_union”关键字，C 中不支持
C:\Program Files (x86)\Microsoft Visual Studio\2019\Enterprise\VC\Tools\MSVC\14.26.28801\include\type_traits(443,41): error C4233: 使用了非标准扩展: 仅在 C++ 中支持“__is_union”关键字，C 中不支持
C:\Program Files (x86)\Microsoft Visual Studio\2019\Enterprise\VC\Tools\MSVC\14.26.28801\include\type_traits(447,33): error C4233: 使用了非标准扩展: 仅在 C++ 中支持“__is_class”关键字，C 中不支持
C:\Program Files (x86)\Microsoft Visual Studio\2019\Enterprise\VC\Tools\MSVC\14.26.28801\include\type_traits(450,41): error C4233: 使用了非标准扩展: 仅在 C++ 中支持“__is_class”关键字，C 中不支持
C:\Program Files (x86)\Microsoft Visual Studio\2019\Enterprise\VC\Tools\MSVC\14.26.28801\include\type_traits(468,39): error C4233: 使用了非标准扩展: 仅在 C++ 中支持“__is_convertible_to”关键字，C 中不支持
C:\Program Files (x86)\Microsoft Visual Studio\2019\Enterprise\VC\Tools\MSVC\14.26.28801\include\type_traits(473,47): error C4233: 使用了非标准扩展: 仅在 C++ 中支持“__is_convertible_to”关键字，C 中不支持
C:\Program Files (x86)\Microsoft Visual Studio\2019\Enterprise\VC\Tools\MSVC\14.26.28801\include\type_traits(477,32): error C4233: 使用了非标准扩展: 仅在 C++ 中支持“__is_enum”关键字，C 中不支持
C:\Program Files (x86)\Microsoft Visual Studio\2019\Enterprise\VC\Tools\MSVC\14.26.28801\include\type_traits(480,40): error C4233: 使用了非标准扩展: 仅在 C++ 中支持“__is_enum”关键字，C 中不支持
C:\Program Files (x86)\Microsoft Visual Studio\2019\Enterprise\VC\Tools\MSVC\14.26.28801\include\type_traits(526,55): error C4233: 使用了非标准扩展: 仅在 C++ 中支持“__is_pod”关键字，C 中不支持
C:\Program Files (x86)\Microsoft Visual Studio\2019\Enterprise\VC\Tools\MSVC\14.26.28801\include\type_traits(529,63): error C4233: 使用了非标准扩展: 仅在 C++ 中支持“__is_pod”关键字，C 中不支持
C:\Program Files (x86)\Microsoft Visual Studio\2019\Enterprise\VC\Tools\MSVC\14.26.28801\include\type_traits(533,33): error C4233: 使用了非标准扩展: 仅在 C++ 中支持“__is_empty”关键字，C 中不支持
C:\Program Files (x86)\Microsoft Visual Studio\2019\Enterprise\VC\Tools\MSVC\14.26.28801\include\type_traits(536,41): error C4233: 使用了非标准扩展: 仅在 C++ 中支持“__is_empty”关键字，C 中不支持
C:\Program Files (x86)\Microsoft Visual Studio\2019\Enterprise\VC\Tools\MSVC\14.26.28801\include\type_traits(540,39): error C4233: 使用了非标准扩展: 仅在 C++ 中支持“__is_polymorphic”关键字，C 中不支持
C:\Program Files (x86)\Microsoft Visual Studio\2019\Enterprise\VC\Tools\MSVC\14.26.28801\include\type_traits(543,47): error C4233: 使用了非标准扩展: 仅在 C++ 中支持“__is_polymorphic”关键字，C 中不支持
C:\Program Files (x86)\Microsoft Visual Studio\2019\Enterprise\VC\Tools\MSVC\14.26.28801\include\type_traits(547,36): error C4233: 使用了非标准扩展: 仅在 C++ 中支持“__is_abstract”关键字，C 中不支持
C:\Program Files (x86)\Microsoft Visual Studio\2019\Enterprise\VC\Tools\MSVC\14.26.28801\include\type_traits(550,44): error C4233: 使用了非标准扩展: 仅在 C++ 中支持“__is_abstract”关键字，C 中不支持
C:\Program Files (x86)\Microsoft Visual Studio\2019\Enterprise\VC\Tools\MSVC\14.26.28801\include\type_traits(554,33): error C4233: 使用了非标准扩展: 仅在 C++ 中支持“__is_final”关键字，C 中不支持
C:\Program Files (x86)\Microsoft Visual Studio\2019\Enterprise\VC\Tools\MSVC\14.26.28801\include\type_traits(557,41): error C4233: 使用了非标准扩展: 仅在 C++ 中支持“__is_final”关键字，C 中不支持
C:\Program Files (x86)\Microsoft Visual Studio\2019\Enterprise\VC\Tools\MSVC\14.26.28801\include\type_traits(561,43): error C4233: 使用了非标准扩展: 仅在 C++ 中支持“__is_standard_layout”关键字，C 中不支持
C:\Program Files (x86)\Microsoft Visual Studio\2019\Enterprise\VC\Tools\MSVC\14.26.28801\include\type_traits(564,51): error C4233: 使用了非标准扩展: 仅在 C++ 中支持“__is_standard_layout”关键字，C 中不支持
C:\Program Files (x86)\Microsoft Visual Studio\2019\Enterprise\VC\Tools\MSVC\14.26.28801\include\type_traits(569,73): error C4233: 使用了非标准扩展: 仅在 C++ 中支持“__is_literal_type”关键字，C 中不支持
C:\Program Files (x86)\Microsoft Visual Studio\2019\Enterprise\VC\Tools\MSVC\14.26.28801\include\type_traits(574,81): error C4233: 使用了非标准扩展: 仅在 C++ 中支持“__is_literal_type”关键字，C 中不支持
C:\Program Files (x86)\Microsoft Visual Studio\2019\Enterprise\VC\Tools\MSVC\14.26.28801\include\type_traits(580,35): error C4233: 使用了非标准扩展: 仅在 C++ 中支持“__is_trivially_constructible”关键字，C 中不支持
C:\Program Files (x86)\Microsoft Visual Studio\2019\Enterprise\VC\Tools\MSVC\14.26.28801\include\type_traits(580,72): error C4233: 使用了非标准扩展: 仅在 C++ 中支持“__is_trivially_copyable”关键字，C 中不支持
C:\Program Files (x86)\Microsoft Visual Studio\2019\Enterprise\VC\Tools\MSVC\14.26.28801\include\type_traits(585,43): error C4233: 使用了非标准扩展: 仅在 C++ 中支持“__is_trivially_constructible”关键字，C 中不支持
C:\Program Files (x86)\Microsoft Visual Studio\2019\Enterprise\VC\Tools\MSVC\14.26.28801\include\type_traits(585,80): error C4233: 使用了非标准扩展: 仅在 C++ 中支持“__is_trivially_copyable”关键字，C 中不支持
C:\Program Files (x86)\Microsoft Visual Studio\2019\Enterprise\VC\Tools\MSVC\14.26.28801\include\type_traits(596,46): error C4233: 使用了非标准扩展: 仅在 C++ 中支持“__is_trivially_copyable”关键字，C 中不支持
C:\Program Files (x86)\Microsoft Visual Studio\2019\Enterprise\VC\Tools\MSVC\14.26.28801\include\type_traits(601,54): error C4233: 使用了非标准扩展: 仅在 C++ 中支持“__is_trivially_copyable”关键字，C 中不支持
C:\Program Files (x86)\Microsoft Visual Studio\2019\Enterprise\VC\Tools\MSVC\14.26.28801\include\type_traits(605,47): error C4233: 使用了非标准扩展: 仅在 C++ 中支持“__has_virtual_destructor”关键字，C 中不支持
C:\Program Files (x86)\Microsoft Visual Studio\2019\Enterprise\VC\Tools\MSVC\14.26.28801\include\type_traits(610,55): error C4233: 使用了非标准扩展: 仅在 C++ 中支持“__has_virtual_destructor”关键字，C 中不支持
C:\Program Files (x86)\Microsoft Visual Studio\2019\Enterprise\VC\Tools\MSVC\14.26.28801\include\type_traits(633,41): error C4233: 使用了非标准扩展: 仅在 C++ 中支持“__is_constructible”关键字，C 中不支持
C:\Program Files (x86)\Microsoft Visual Studio\2019\Enterprise\VC\Tools\MSVC\14.26.28801\include\type_traits(638,49): error C4233: 使用了非标准扩展: 仅在 C++ 中支持“__is_constructible”关键字，C 中不支持
C:\Program Files (x86)\Microsoft Visual Studio\2019\Enterprise\VC\Tools\MSVC\14.26.28801\include\type_traits(642,46): error C4233: 使用了非标准扩展: 仅在 C++ 中支持“__is_constructible”关键字，C 中不支持
C:\Program Files (x86)\Microsoft Visual Studio\2019\Enterprise\VC\Tools\MSVC\14.26.28801\include\type_traits(647,54): error C4233: 使用了非标准扩展: 仅在 C++ 中支持“__is_constructible”关键字，C 中不支持
C:\Program Files (x86)\Microsoft Visual Studio\2019\Enterprise\VC\Tools\MSVC\14.26.28801\include\type_traits(651,49): error C4233: 使用了非标准扩展: 仅在 C++ 中支持“__is_constructible”关键字，C 中不支持
C:\Program Files (x86)\Microsoft Visual Studio\2019\Enterprise\VC\Tools\MSVC\14.26.28801\include\type_traits(656,57): error C4233: 使用了非标准扩展: 仅在 C++ 中支持“__is_constructible”关键字，C 中不支持
C:\Program Files (x86)\Microsoft Visual Studio\2019\Enterprise\VC\Tools\MSVC\14.26.28801\include\type_traits(673,46): error C4233: 使用了非标准扩展: 仅在 C++ 中支持“__is_constructible”关键字，C 中不支持
C:\Program Files (x86)\Microsoft Visual Studio\2019\Enterprise\VC\Tools\MSVC\14.26.28801\include\type_traits(678,54): error C4233: 使用了非标准扩展: 仅在 C++ 中支持“__is_constructible”关键字，C 中不支持
C:\Program Files (x86)\Microsoft Visual Studio\2019\Enterprise\VC\Tools\MSVC\14.26.28801\include\type_traits(682,38): error C4233: 使用了非标准扩展: 仅在 C++ 中支持“__is_assignable”关键字，C 中不支持
C:\Program Files (x86)\Microsoft Visual Studio\2019\Enterprise\VC\Tools\MSVC\14.26.28801\include\type_traits(685,46): error C4233: 使用了非标准扩展: 仅在 C++ 中支持“__is_assignable”关键字，C 中不支持
C:\Program Files (x86)\Microsoft Visual Studio\2019\Enterprise\VC\Tools\MSVC\14.26.28801\include\type_traits(690,21): error C4233: 使用了非标准扩展: 仅在 C++ 中支持“__is_assignable”关键字，C 中不支持
C:\Program Files (x86)\Microsoft Visual Studio\2019\Enterprise\VC\Tools\MSVC\14.26.28801\include\type_traits(695,51): error C4233: 使用了非标准扩展: 仅在 C++ 中支持“__is_assignable”关键字，C 中不支持
C:\Program Files (x86)\Microsoft Visual Studio\2019\Enterprise\VC\Tools\MSVC\14.26.28801\include\type_traits(701,21): error C4233: 使用了非标准扩展: 仅在 C++ 中支持“__is_assignable_no_precondition_check”关键字，C 中不支持
C:\Program Files (x86)\Microsoft Visual Studio\2019\Enterprise\VC\Tools\MSVC\14.26.28801\include\type_traits(705,62): error C4233: 使用了非标准扩展: 仅在 C++ 中支持“__is_assignable_no_precondition_check”关键字，C 中不支持
C:\Program Files (x86)\Microsoft Visual Studio\2019\Enterprise\VC\Tools\MSVC\14.26.28801\include\type_traits(717,43): error C4233: 使用了非标准扩展: 仅在 C++ 中支持“__is_assignable”关键字，C 中不支持
C:\Program Files (x86)\Microsoft Visual Studio\2019\Enterprise\VC\Tools\MSVC\14.26.28801\include\type_traits(722,51): error C4233: 使用了非标准扩展: 仅在 C++ 中支持“__is_assignable”关键字，C 中不支持
C:\Program Files (x86)\Microsoft Visual Studio\2019\Enterprise\VC\Tools\MSVC\14.26.28801\include\type_traits(727,21): error C4233: 使用了非标准扩展: 仅在 C++ 中支持“__is_assignable_no_precondition_check”关键字，C 中不支持
C:\Program Files (x86)\Microsoft Visual Studio\2019\Enterprise\VC\Tools\MSVC\14.26.28801\include\type_traits(730,62): error C4233: 使用了非标准扩展: 仅在 C++ 中支持“__is_assignable_no_precondition_check”关键字，C 中不支持
C:\Program Files (x86)\Microsoft Visual Studio\2019\Enterprise\VC\Tools\MSVC\14.26.28801\include\type_traits(742,40): error C4233: 使用了非标准扩展: 仅在 C++ 中支持“__is_destructible”关键字，C 中不支持
C:\Program Files (x86)\Microsoft Visual Studio\2019\Enterprise\VC\Tools\MSVC\14.26.28801\include\type_traits(747,48): error C4233: 使用了非标准扩展: 仅在 C++ 中支持“__is_destructible”关键字，C 中不支持
C:\Program Files (x86)\Microsoft Visual Studio\2019\Enterprise\VC\Tools\MSVC\14.26.28801\include\type_traits(752,51): error C4233: 使用了非标准扩展: 仅在 C++ 中支持“__is_trivially_constructible”关键字，C 中不支持
C:\Program Files (x86)\Microsoft Visual Studio\2019\Enterprise\VC\Tools\MSVC\14.26.28801\include\type_traits(757,59): error C4233: 使用了非标准扩展: 仅在 C++ 中支持“__is_trivially_constructible”关键字，C 中不支持
C:\Program Files (x86)\Microsoft Visual Studio\2019\Enterprise\VC\Tools\MSVC\14.26.28801\include\type_traits(762,21): error C4233: 使用了非标准扩展: 仅在 C++ 中支持“__is_trivially_constructible”关键字，C 中不支持
C:\Program Files (x86)\Microsoft Visual Studio\2019\Enterprise\VC\Tools\MSVC\14.26.28801\include\type_traits(767,64): error C4233: 使用了非标准扩展: 仅在 C++ 中支持“__is_trivially_constructible”关键字，C 中不支持
C:\Program Files (x86)\Microsoft Visual Studio\2019\Enterprise\VC\Tools\MSVC\14.26.28801\include\type_traits(772,59): error C4233: 使用了非标准扩展: 仅在 C++ 中支持“__is_trivially_constructible”关键字，C 中不支持
C:\Program Files (x86)\Microsoft Visual Studio\2019\Enterprise\VC\Tools\MSVC\14.26.28801\include\type_traits(777,67): error C4233: 使用了非标准扩展: 仅在 C++ 中支持“__is_trivially_constructible”关键字，C 中不支持
C:\Program Files (x86)\Microsoft Visual Studio\2019\Enterprise\VC\Tools\MSVC\14.26.28801\include\type_traits(781,56): error C4233: 使用了非标准扩展: 仅在 C++ 中支持“__is_trivially_constructible”关键字，C 中不支持
C:\Program Files (x86)\Microsoft Visual Studio\2019\Enterprise\VC\Tools\MSVC\14.26.28801\include\type_traits(786,64): error C4233: 使用了非标准扩展: 仅在 C++ 中支持“__is_trivially_constructible”关键字，C 中不支持
C:\Program Files (x86)\Microsoft Visual Studio\2019\Enterprise\VC\Tools\MSVC\14.26.28801\include\type_traits(790,48): error C4233: 使用了非标准扩展: 仅在 C++ 中支持“__is_trivially_assignable”关键字，C 中不支持
C:\Program Files (x86)\Microsoft Visual Studio\2019\Enterprise\VC\Tools\MSVC\14.26.28801\include\type_traits(795,56): error C4233: 使用了非标准扩展: 仅在 C++ 中支持“__is_trivially_assignable”关键字，C 中不支持
C:\Program Files (x86)\Microsoft Visual Studio\2019\Enterprise\VC\Tools\MSVC\14.26.28801\include\type_traits(800,21): error C4233: 使用了非标准扩展: 仅在 C++ 中支持“__is_trivially_assignable”关键字，C 中不支持
C:\Program Files (x86)\Microsoft Visual Studio\2019\Enterprise\VC\Tools\MSVC\14.26.28801\include\type_traits(805,61): error C4233: 使用了非标准扩展: 仅在 C++ 中支持“__is_trivially_assignable”关键字，C 中不支持
C:\Program Files (x86)\Microsoft Visual Studio\2019\Enterprise\VC\Tools\MSVC\14.26.28801\include\type_traits(810,53): error C4233: 使用了非标准扩展: 仅在 C++ 中支持“__is_trivially_assignable”关键字，C 中不支持
C:\Program Files (x86)\Microsoft Visual Studio\2019\Enterprise\VC\Tools\MSVC\14.26.28801\include\type_traits(815,61): error C4233: 使用了非标准扩展: 仅在 C++ 中支持“__is_trivially_assignable”关键字，C 中不支持
C:\Program Files (x86)\Microsoft Visual Studio\2019\Enterprise\VC\Tools\MSVC\14.26.28801\include\type_traits(819,50): error C4233: 使用了非标准扩展: 仅在 C++ 中支持“__is_trivially_destructible”关键字，C 中不支持
C:\Program Files (x86)\Microsoft Visual Studio\2019\Enterprise\VC\Tools\MSVC\14.26.28801\include\type_traits(824,58): error C4233: 使用了非标准扩展: 仅在 C++ 中支持“__is_trivially_destructible”关键字，C 中不支持
C:\Program Files (x86)\Microsoft Visual Studio\2019\Enterprise\VC\Tools\MSVC\14.26.28801\include\type_traits(829,49): error C4233: 使用了非标准扩展: 仅在 C++ 中支持“__is_nothrow_constructible”关键字，C 中不支持
C:\Program Files (x86)\Microsoft Visual Studio\2019\Enterprise\VC\Tools\MSVC\14.26.28801\include\type_traits(834,57): error C4233: 使用了非标准扩展: 仅在 C++ 中支持“__is_nothrow_constructible”关键字，C 中不支持
C:\Program Files (x86)\Microsoft Visual Studio\2019\Enterprise\VC\Tools\MSVC\14.26.28801\include\type_traits(839,21): error C4233: 使用了非标准扩展: 仅在 C++ 中支持“__is_nothrow_constructible”关键字，C 中不支持
C:\Program Files (x86)\Microsoft Visual Studio\2019\Enterprise\VC\Tools\MSVC\14.26.28801\include\type_traits(845,62): error C4233: 使用了非标准扩展: 仅在 C++ 中支持“__is_nothrow_constructible”关键字，C 中不支持
C:\Program Files (x86)\Microsoft Visual Studio\2019\Enterprise\VC\Tools\MSVC\14.26.28801\include\type_traits(850,57): error C4233: 使用了非标准扩展: 仅在 C++ 中支持“__is_nothrow_constructible”关键字，C 中不支持
C:\Program Files (x86)\Microsoft Visual Studio\2019\Enterprise\VC\Tools\MSVC\14.26.28801\include\type_traits(855,65): error C4233: 使用了非标准扩展: 仅在 C++ 中支持“__is_nothrow_constructible”关键字，C 中不支持
C:\Program Files (x86)\Microsoft Visual Studio\2019\Enterprise\VC\Tools\MSVC\14.26.28801\include\type_traits(859,54): error C4233: 使用了非标准扩展: 仅在 C++ 中支持“__is_nothrow_constructible”关键字，C 中不支持
C:\Program Files (x86)\Microsoft Visual Studio\2019\Enterprise\VC\Tools\MSVC\14.26.28801\include\type_traits(864,62): error C4233: 使用了非标准扩展: 仅在 C++ 中支持“__is_nothrow_constructible”关键字，C 中不支持
C:\Program Files (x86)\Microsoft Visual Studio\2019\Enterprise\VC\Tools\MSVC\14.26.28801\include\type_traits(868,46): error C4233: 使用了非标准扩展: 仅在 C++ 中支持“__is_nothrow_assignable”关键字，C 中不支持
C:\Program Files (x86)\Microsoft Visual Studio\2019\Enterprise\VC\Tools\MSVC\14.26.28801\include\type_traits(873,54): error C4233: 使用了非标准扩展: 仅在 C++ 中支持“__is_nothrow_assignable”关键字，C 中不支持
C:\Program Files (x86)\Microsoft Visual Studio\2019\Enterprise\VC\Tools\MSVC\14.26.28801\include\type_traits(878,21): error C4233: 使用了非标准扩展: 仅在 C++ 中支持“__is_nothrow_assignable”关键字，C 中不支持
C:\Program Files (x86)\Microsoft Visual Studio\2019\Enterprise\VC\Tools\MSVC\14.26.28801\include\type_traits(883,59): error C4233: 使用了非标准扩展: 仅在 C++ 中支持“__is_nothrow_assignable”关键字，C 中不支持
C:\Program Files (x86)\Microsoft Visual Studio\2019\Enterprise\VC\Tools\MSVC\14.26.28801\include\type_traits(888,51): error C4233: 使用了非标准扩展: 仅在 C++ 中支持“__is_nothrow_assignable”关键字，C 中不支持
C:\Program Files (x86)\Microsoft Visual Studio\2019\Enterprise\VC\Tools\MSVC\14.26.28801\include\type_traits(893,59): error C4233: 使用了非标准扩展: 仅在 C++ 中支持“__is_nothrow_assignable”关键字，C 中不支持
C:\Program Files (x86)\Microsoft Visual Studio\2019\Enterprise\VC\Tools\MSVC\14.26.28801\include\type_traits(897,48): error C4233: 使用了非标准扩展: 仅在 C++ 中支持“__is_nothrow_destructible”关键字，C 中不支持
C:\Program Files (x86)\Microsoft Visual Studio\2019\Enterprise\VC\Tools\MSVC\14.26.28801\include\type_traits(903,56): error C4233: 使用了非标准扩展: 仅在 C++ 中支持“__is_nothrow_destructible”关键字，C 中不支持
C:\Program Files (x86)\Microsoft Visual Studio\2019\Enterprise\VC\Tools\MSVC\14.26.28801\include\type_traits(1153,18): error C4233: 使用了非标准扩展: 仅在 C++ 中支持“__underlying_type”关键字，C 中不支持
C:\Program Files (x86)\Microsoft Visual Studio\2019\Enterprise\VC\Tools\MSVC\14.26.28801\include\type_traits(1196,35): error C4233: 使用了非标准扩展: 仅在 C++ 中支持“__is_base_of”关键字，C 中不支持
C:\Program Files (x86)\Microsoft Visual Studio\2019\Enterprise\VC\Tools\MSVC\14.26.28801\include\type_traits(1201,43): error C4233: 使用了非标准扩展: 仅在 C++ 中支持“__is_base_of”关键字，C 中不支持
C:\Program Files (x86)\Microsoft Visual Studio\2019\Enterprise\VC\Tools\MSVC\14.26.28801\include\ostream(21,54): warning C4157: C 编译器忽略了 pragma
C:\Program Files (x86)\Microsoft Visual Studio\2019\Enterprise\VC\Tools\MSVC\14.26.28801\include\ostream(590,50): warning C4157: C 编译器忽略了 pragma
C:\Program Files (x86)\Microsoft Visual Studio\2019\Enterprise\VC\Tools\MSVC\14.26.28801\include\istream(21,54): warning C4157: C 编译器忽略了 pragma
C:\Program Files (x86)\Microsoft Visual Studio\2019\Enterprise\VC\Tools\MSVC\14.26.28801\include\istream(668,50): warning C4157: C 编译器忽略了 pragma
D:\仓库\newgit\cccc\project3\Project3\3.c(147,1): fatal error C1004: 发现意外的文件尾
